<?xml version="1.0" encoding="UTF-8"?>
<!-- Generated by org.testng.reporters.JUnitXMLReporter -->
<testsuite ignored="0" hostname="DESKTOP-45UOQE4" failures="0" tests="4" name="Test" time="38.844" errors="0" timestamp="27 Oct 2022 12:12:09 GMT">
  <testcase classname="TestNg.TestNg_P1" name="checkbox" time="22.521"/>
  <testcase classname="TestNg.TestNg_P1" name="radioButton" time="6.441"/>
  <testcase classname="TestNg.TestNg_P2" name="getText" time="4.395"/>
  <testcase classname="TestNg.TestNg_P2" name="getTitle" time="5.459"/>
</testsuite> <!-- Test -->
